feature ['c', 'order', '-m', '\xb6\xa9\xb5\xa5']
feature c order -m 订单
feature c order -m 订单
feature c order -m 订单
feature c order -m ¶©µ¥
feature c order -m 订单
help 
feature c order -m 订单
feature c order -m 订单
git branch
feature c order -m 订单
feature c order -m 订单
feature c order -m 订单
feature c order -m 订单
feature c order -m 订单
feature c order -m 订单
feature c order/man -m 订单
feature c order/or -m 订单
feature c songlin-test1
help ft
feature c songlin-test1
feature c songlin-test1 -m 测试分支
git branch -vv
git log
feature c songlin-test2
feature c songlin-test2 -m 测试分支2
git log
feature c songlin-test2 -m 测试分支2
feature c songlin-test3 -m 测试分支2
git log
git commit -m 'test'
git log
git branch
feature c songlin-test3 -m 测试分支2
feature c songlin-test3 -m 测试分支2
feature c songlin-test3
feature c /songlintest4
feature c /songlintest4
feature c /songlintest5
feature c /songlintest6
feature c /songlintest7
feature c /songlintest7
git branch
git status
feature c songlintest8
git status
git checkout .
git stauts
git status
git branch -vv
git branch -d feature/songlintest6
feature c songlintest6
feature c songlintest6
git branch
git branch -r
git checkout -b feature/songlintest8
git push origin feature/songlintest8:feature/songlintest7
git status
git add . && git commit -m 'test'
git status
git push origin feature/songlintest8:feature/songlintest7
feature c /songlintest7
feature c /songlintest9
git status
git status
git stauts
git status
feature cmt 测试
feature cmt 测试
feature cmt 测试
feature commit df
feature commit df
feature commit df
feature commit df
git status
feature commit df
feature commit 地方
feature commit 地方
feature commit 地方
feature cmt 测试
git log
feature cmt 测试
feature cmt 测试
git log
feature cmt 测试
git log
feature cmt 测试提交
git log
feature cmt 测试提交 -p
feature c songlintest9
git branch -vv
git branch -r
feature cmt 测试提交2
feature cmt 测试提交2 -p
git status
git push origin feature/1701s1/songlintest9:feature/1701s1/songlintest9
git status
git status
git status
commit 测试 -p
commit 测试2
git log
git status
git branch -vv
commit 测试22
git log
commit 测试2244
git log
commit 测试224445
commit 测试224445 -p
git pull --rebase origin feature/1701s1/songlintest9:feature/1701s1/songlintest9
git pull --rebase origin feature/1701s1/songlintest9 feature/1701s1/songlintest9
git pull --rebase
commit 测试2244455 -p
git status
commit 测试2244456 -p
git status
git checkout master
git status
git clean -f
git status
git ls-files
git status
feature c songlintest10
git branch
git branch -r
git checkout master
git checkout .
git checkout master
git checkout test-dev
git checkout -b test-dev
git push -u origin test-dev:test-dev
git branch
feature 
feature c songlintest11
feature 
feature 
feature 
feature 
feature 
feature 
feature 
git branch
git branch -r
git branch -d dev-test4
git push --delete origin dev-test4
git checkout master
git checkout -b test-master
git push -u origin test-master:test-master
git branch
git branch -r
git status
git branch
feature ck test-dev
feature ck test-dev
feature ck test-dev
feature ck songlin-test1
feature ck songlin-test2
feature ck songlin-test2
feature ck songlin-test3
feature ck songlin-test3
feature ck songlin-test2
feature ck songlin-test3
feature ck songlin-test3
feature ck songlin-test2
feature ck songlin-test3
feature ck songlin-test2
feature ck songlin-test2
feature ck songlin-test3
feature ck songlin-test2
feature ck songlin-test3
feature ck songlin-test2
feature ck songlin-test6
git status
feature t
commit 测试
git log
git status
feature 
feature 
feature ck songlin-test3
feature ck songlin-test3
feature t
feature t
git log
feature ck songlin-test2
feature ck songlin-test2
commit 改名
git log
feature t
git status
git log
feature ck songlin-test2
feature t
commit 写入内容
git log
feature t
git checkout test-dev
commit 测试冲突
git log
feature ck songlin-test2
commit 测试冲突-test2
git log
feature t
git status
git status
git merge --abort
git status
git branch
git branch
feature ck songlin-test2
feature t
git merge --abort
feature t songlin-test2
git merge --abort
feature t songlin-test2
git status
git status -s
git merge --abort
feature t songlin-test2
git merge --abort
feature ck songlin-test2
git checkout test-dev
feature ck --no-pull songlin-test2
commit 
commit 测试pull冲突
git log
git status
commit 测试pull冲突 -p
commit 测试冲突2
git checkout test-dev
feature ck songlin-test2 --nf
feature ck songlin-test2 --nf
feature ck songlin-test2 --nf
feature ck songlin-test2 --nf
feature ck songlin-test2 --nf
feature ck songlin-test2 --np
git status
