git status
git push
git status
commit 测试cherry的冲突
git push
git log
git checkout test-dev
commit 测试cherry冲突test-dev
git push
git cherry-pick 0f2cf206de7ce31c87e68ff844825349ebb19267
git status
git merge --abort
git cherry-pick --abort
git status
feature ck songlin-test2
cd membercenter2
cd membercenter2
git branch
git branch -vv
git branch -d feature/1701s1/songlin-test2
git checkout test-master
git branch -d feature/1701s1/songlin-test2
git branch
git branch -r
feature c songlin-test2
git branch -vv
feature c songlin-test2
git checkout test-master
git branch -d feature/1701s1/songlin-test2
git branchgit branch
git branch
git branch -vv
git branch -r
feature c songlin-test2
git branch
git branch
feature c songlin-test2
git branch
feature c songlin-test2
feature c songlin-test2
feature c songlin-test2
feature c songlin-test2
git checkout test-master
git branch -d feature/1701s1/songlin-test2
git branch
feature c -y songlin-test2
feature c -y songlin-test2
feature t
git status
git merge --abort
git branch -vv
cd membercenter
commit 测试pull冲突
git push
cd membercenter2
feature ck songlin-test2
git log
cd membercenter
commit 测试pull冲突2
git push
cd membercenter2
commit 测试pull冲突membercenter2
feature ck songlin-test2
git log
git status
git rebase --abort
git pull
git merge --abort
git pull --rebase
git status
git branch
git rebase --abort
feature ck songlin-test2
git status
git rebase --continue
git add .
git rebase --continue
git stash
git stash
git stash pop
git reset --hard
feature d
feature d songlin-test2
feature d songlin-test2
feature d songlin-test2
feature d songlin-test2
feature d songlin-test2
feature d songlin-test2
git checout test-master
git checkout test-master
feature d songlin-test2
git branch
git branch -r
git config -l
git config --global push.default
git config --global push.default=simple
git config --global push.default simple
git config --get user.name
git --version
feature ck songlin-test1
git status
git status -s
git status -s
git add .
git status -s
git reset
git status -s
git add .
git status -s
git commit -m 'test'
git status -s
git status
feature c
feature c d
feature c d
feature c d
feature c /order
feature c 1712s1/order
feature c feature/1712s1/order
feature c order
feature c order
feature c feature/1712s1/order
feature c feature/1712s1/order
feature c feature/1712s1/order
feature c feature/1712s1/order
feature c feature/1712s1/order
feature c feature/1712s1/order
feature c feature/1712s1/order
feature c feature/1712s1/order
cd membercenter2
cd membercenter
git status -s
git status -s
commit songlin-test2测试pull
git push
cd membercenter2
git status -s
git checkout .
git log
git reset --hard head
git reset --hard head^
git log
git status
feature ck songlin-test2
feature c songlin-test2
git branch
git branch -vv
cd membercenter
feature c test01
git merge --abort
git rebase --abort
git status
git reset --hard
git status
feature c test01
git branch
git reset --hard
cd membercenter2
cd membercenter
commit 测试1
git push
cd membercenter2
git status
git fetch
git log
git status
git fetch
git status
cd membercenter
git status
commit -p 测试2
cd membercenter2
git status
git status
git fetch
git status
feature c songlin-test122
cd membercenter
git branch -r
git fetch
git branch -r
git fetch
cd membercenter2
git status
commit -p 测试23
cd membercenter
git fetch
git status
cd membercenter2
git status
git push
cd membercenter2
git status
feature ck --np songlin-test2
git status
cd membercenter
commit 迭代
git push
cd membercenter2
git fetch
git log
git rebase
git log
cd membercenter
commit 提出的热 -p
cd membercenter2
feature ck
feature ck
feature ck songlin-test1
feature ck songlin-test2
feature ck songlin-test1
feature ck songlin-test2
feature ck songlin-test1
feature ck songlin-test2
git checkout ddfd
git rebase
feature ck songlin-test11
feature ck songlin-test1
git push
cd membercenter
cd membercenter2
git fetch
git status
feature ck songlin-test2
cd membercenter
feature ck songlin-test1
git rebase
git rebase
commit test1
commit test1 -p
feature ck songlin-test2
commit test2 -p
cd membercenter2
git status
feature ck songlin-test1
git checkout feature/1701s1/songlin-test2
feature d
feature d
feature d
cd membercenter
git branch
git branch
feature d
feature d
feature d
feature d
cd test
feature d
git branch
git branch -r
cd membercenter2
feature d
git branch
git status
git status
git add .
git status
commit tttt
git status -s
git status
git rebase
git add .
git status
git rebase --continue
commit 测试cherry
feature ck songlin-test1
git rebase
commit ceshi
git log
feature ck songlin-test2
git cherry-pick 17e97c90ae476f73299912ec6a18839100670f2f
git cherry-pick 17e97c90ae476f73299912ec6a18839100670f2f
commit dd
feature ck songlin-test1
commit ddfe
git log
feature ck songlin-test2
git cherry-pick 5522ea4a914f24f7a2582a9d25037e03ab15044a
git status
git cherry-pick --abort
feature ck songlin-test1
git log
feature ck songlin-test2
git cherry-pick 5522ea4a914f24f7a2582a9d25037e03ab15044a
git add .
git cherry-pick --continue
commit dfffd
feature ck songlin-test1
commit dddf1
feature ck songlin-test2
git merge feature/1701s1/songlin-test1
git status
git merge --abort
git merge feature/1701s1/songlin-test1
git status
git status
git add .
git status
commit merging
git status
commit ccc
git log
git commit --amend
git log
git ls-files
git ls-files|grep png
git cat-file
git log
git cat-file 268f889ccf605734c1c75e22a78661f61ad57b9c:1.txt
git cat-file head:1.txt
git cat-file 1.txt
git cat-file -p 1.txt
git cat-file -p head:1.txt
git cat-file -p 268f889ccf605734c1c75e22a78661f61ad57b9c:1.txt
feature ck songlin-test1
commit tt
git push
feature ck songlin-test2
cd membercenter
commit ctrd
git push
cd membercenter2
commit 'dfdd
git fetch
git status
git rebase
git add . && git rebase --continue
git add . && git rebase --continue
git status
git rebase --continue
git status
git add .
git rebase --continue
git rebase --skip
git status
git add .&&git rebase --continue
git add .&&git rebase --continue
git add .&&git rebase --continue
git add .&&git rebase --continue
git add .&&git rebase --continue
git add .&&git rebase --continue
feature d songlin-test1
feature d songlin-test1 --np
git branch -r
git branch
git branch feature/1701s1/songlin-test3 origin/feature/1701s1/songlin-test3
git branch -vv
feature d
feature ck songlin-test3
git checkout feature/1701s1/songlin-test3
git add .
git checkout feature/1701s1/songlin-test3
git branch
git checkout master
git reset --hard
git checkout master
feature d songlin-test2 --np
feature d songlin-test2 --np
feature d songlin-test3 --np
git branch
feature d songlin-test122 --np
git branch
git branch -r
feature d
feature checkout
git branch
git branch -r
git branch -vv
feature c --np songlin-test1001
git branch -r
git branch -vv
feature ck
git branch -vv
feature p
feature p
feature p membercenter
git branch
feature d songlin-test2
feature d songlin-test3 --np
feature p membercenter2
feature d songlin-test3 --np
git branch
git branch -r
feature p membercenter2
feature p
feature p
feature p membercenter2
feature p membercenter2,membercenter:songlin-test122,membercenter:songlin-test1
feature p membercenter2,membercenter:songlin-test122,membercenter:songlin-test1
feature p membercenter2,membercenter:songlin-test122,membercenter:songlin-test1
feature p membercenter2,membercenter:songlin-test122,membercenter:songlin-test1
feature p membercenter2,membercenter:songlin-test122,membercenter:songlin-test1
feature p membercenter2,membercenter:songlin-test122,membercenter:songlin-test1
feature p membercenter2,membercenter:songlin-test122,membercenter:songlin-test1
feature p membercenter2,membercenter:songlin-test122,membercenter:songlin-test1
feature p membercenter2,membercenter:songlin-test122,membercenter:songlin-test1
feature p membercenter2,membercenter:songlin-test122,membercenter:songlin-test1
feature p membercenter2,membercenter:songlin-test122,membercenter:songlin-test1
feature p membercenter2,membercenter:songlin-test122,membercenter:songlin-test1
feature p membercenter2,membercenter:songlin-test122,membercenter:songlin-test1
feature p membercenter2,membercenter:songlin-test122,membercenter:songlin-test1
feature p membercenter2,membercenter:songlin-test122,membercenter:songlin-test1
feature p membercenter2,membercenter:songlin-test122,membercenter:songlin-test1
feature p membercenter2,membercenter:songlin-test122,membercenter:songlin-test1
feature p membercenter2,membercenter:songlin-test122,membercenter:songlin-test1
feature p membercenter2,membercenter:songlin-test122,membercenter:songlin-test1
feature p membercenter2,membercenter:songlin-test122,membercenter:songlin-test1
feature p --abort
feature p
feature p --continue
git log
feature ck songlin1001
git branch
feature ck songlin-test1001
git checkout test-master
git tag
feature ck songlin-test111
git branch
feature ck songlin-test1001
git tag
feature p
feature p
git tag
git tag -a v1612s1 -m ''
git tag -a v1612s1.00 -m ''
git tag -a v1612s2.00 -m ''
git tag -a v1612s2.01 -m ''
git tag -a v1612s2.11 -m ''
git tag -a v1612s2.02 -m ''
git tag -a v1701s1.00 -m ''
feature p
feature p
feature p
git tag -a v1701s1.03 -m ''
feature p
feature p membercenter,membercenter2
feature p membercenter,membercenter2
feature p membercenter,membercenter2
feature p --abort
feature p membercenter,membercenter2
feature p --abort
feature p membercenter,membercenter2
feature p --abort
feature p membercenter,membercenter2
feature p --abort
feature p membercenter,membercenter2
feature p membercenter,membercenter2
feature p --abort
feature p membercenter,membercenter2
feature p --abort
feature p membercenter,membercenter2
feature p --abort
feature p membercenter,membercenter2
feature p --abort
feature p membercenter,membercenter2
feature p --abort
feature p membercenter,membercenter2
feature p membercenter,membercenter2
git log
git tag
git branch
feature d songlin-test1001
feature d songlin-test122
git branch
git branch -r
git branch
feature d songlin-test3
feature d songlintest6
git branch
feature d songlintest9
git branch
git branch -r
git push --delete origin feature/songlintest4
git push --delete origin feature/songlintest5
git push --delete origin feature/songlintest6
git push --delete origin feature/songlintest7
git branch -r
git push --delete origin songlin-test111
git branch -r
cd membercenter
git branch
sprint 02s1
feature c test1
feature c test2
git branch
cd membercenter2
git branch
feature c test3
feature c test4
git branch
commit test4
commit test4 -p
git log
feature ck test3
commit test3 -p
git branch
cd membercenter
commit test2
commit test2 -p
git branch
cd test
git branch
feature c test5
cd vmember
git branch
git checkout -b test-master
git checkout -b test-dev
git push -u origin test-dev
git checkout test-master
git push -u origin test-master
git branch -v
git branch -r
feature c test7
feature c test8
git branch
commit -p test8
git status
git commit -am 'test8'
commit -p test8
feature p
pwd 
feature p
git status
git add . && git commit -m 'confict test2-test3'
git status
git commit -m 'conflict test2-test3'
git commit -am 'conflict test2-test3'
git commit -ma 'conflict test2-test3'
git commit -a -m 'conflict test2-test3'
git status
git status -s
git commit
git log
feature p --continue
git branch
git status
git log
git rebase --abort
git log
git log
feature p --abort
git branch
git branch hotfix/test4
git branch
h2f test4
h2f test4
h2f test4
git mv hotfix/test4 hotfix/test5
git branch mv hotfix/test4 hotfix/test5
git branch -m hotfix/test4 hotfix/test5
git branch
h2f test4
h2f test4
h2f test4
h2f test5
git branch
git branch
git branch hotfix/test6
h2f 
h2f 
h2f test5
h2f test5
git branch
h2f test6
git branch
f2h test1
git branch
f2h test3
f2h test7
f2f test1
f2f test1
git branch
f2f test4
f2f test4
f2f test4
sprint 02s2
git branch
f2f test4
f2f test4
f2f test4
f2f test4
f2f test4
f2f test4
f2f test4
f2f test4 -n
f2f test4 -s 02s1
f2f test4 -s 02s1
git branch
git branch -r\
git branch -r
feature 
feature ddf
hotfix 
hotfix 
hotfix 
hotfix 
hotfix 
git branch
feature ck test4
sprint 02s1
feature ck test4
hotfix ck test4
feature c test6
git branch
feature c test7
git branch
git branch -r
hotfix c test7
git branch -r
feature d test7
hotfix d test7
git checkout test-master
hotfix d test7
