exit
ft feature/1701s1/order-manager-add-goods
exit
ft feature/1701s1/order-manager-add-goods
exit
ft feature/1701s1/order-manager-add-goods
ft ck feature/1701s1/order-manager-add-goods
help
he
help
rename
ft
ft ck
exit
ft feature/1701s1/order-manager-add-goods
exit
ft feature/1701s1/order-manager-add-goods
exit
ft feature/1701s1/order-manager-add-goods
git checkout sp-dev
ft feature/1701s1/order-manager-add-goods
git status
ft -r feature/1701s1/access-log
git clean -f
git reset --hard
ft -r feature/1701s1/access-log
exit
ft feature/1701s1/order-manager-add-goods
cd vmember
ft feature/1612s2/owner-edit-name-limit
cd membercenter2
ft feature/1701s1/order-manager-add-goods
exit
sql
exit
ft
help
ft
sql
exit
sql
exit
sql
exit
sql
exit
sql
c
sql
c
sql
c
exit
sql
exit
sql
c
exi
exit
delete hotfix/game-yezhu-rule
y
exit
git branch
git branch -D hotfix/member-car
git branch
sp 08s1
ft
ft p membercenter:feature/1708s1/add_member_room_api
all
git branch
git branch -D hotfix/modify-mobile
git branch -r
fix p membercenter:hotfix/modify-mobile
c
cancel
ft c test
git branch -D feature/1708s1/test
git checkout master
git branch -D feature/1708s1/test
ft p membercenter:feature/1708s1/test
all
n
tag
clear
exit
tag
tag -m 1
n
sp 08s2
tag -m 1
n
exit
mgr
exit
git branch
ft ck feature/1706s1/sync-handle
mgr
exit
git diff master
exit
